  <?xml version='1.0' encoding='UTF-8'?>
  <opnsense>
    <OPNSense>
      <DynDNS>
        <general>
          <enabled>1</enabled>
          <verbose>0</verbose>
          <allowipv6>0</allowipv6>
          <daemon_delay>300</daemon_delay>
          <backend>opnsense</backend>
        </general>
        <accounts>
          <account uuid="8e4627c4-21ff-4252-a331-3d1adee0a023">
            <enabled>1</enabled>
            <service>noip</service>
            <protocol/>
            <server/>
            <username></username>
            <password></password>
            <resourceId/>
            <hostnames>all.ddnskey.com</hostnames>
            <wildcard>0</wildcard>
            <zone/>
            <checkip>web_noip-ipv4</checkip>
            <checkip_timeout>10</checkip_timeout>
            <force_ssl>1</force_ssl>
            <ttl>300</ttl>
            <interface>wan</interface>
            <description>rls-dyndns-noip</description>
          </account>
        </accounts>
      </DynDNS>
    </OPNSense>
  </opnsense>
